17:49:09 **** Build of configuration Debug for project assignment1 ****
make all 
Building file: ../Helper.cpp
Invoking: GCC C++ Compiler
g++ -O0 -g3 -Wall -c -fmessage-length=0 -MMD -MP -MF"Helper.d" -MT"Helper.o" -o "Helper.o" "../Helper.cpp"
Finished building: ../Helper.cpp
 
Building file: ../Todo.cpp
Invoking: GCC C++ Compiler
g++ -O0 -g3 -Wall -c -fmessage-length=0 -MMD -MP -MF"Todo.d" -MT"Todo.o" -o "Todo.o" "../Todo.cpp"
Finished building: ../Todo.cpp
 
Building file: ../main.cpp
Invoking: GCC C++ Compiler
g++ -O0 -g3 -Wall -c -fmessage-length=0 -MMD -MP -MF"main.d" -MT"main.o" -o "main.o" "../main.cpp"
Finished building: ../main.cpp
 
Building target: assignment1
Invoking: MacOS X C++ Linker
g++  -o "assignment1"  ./Helper.o ./Todo.o ./main.o   
Finished building target: assignment1
 
17:49:18 **** Incremental Build of configuration Debug for project assignment1 ****
make all 
make: Nothing to be done for `all'.
17:49:47 **** Incremental Build of configuration Debug for project assignment1 ****
make all 
make: Nothing to be done for `all'.
17:49:49 **** Incremental Build of configuration Debug for project assignment1 ****
make all 
make: Nothing to be done for `all'.
17:56:48 **** Clean-only build of configuration Debug for project Go ****
make clean 
rm -rf  ./Helper.o ./Todo.o ./main.o  ./Helper.d ./Todo.d ./main.d  assignment1
 
17:56:48 **** Build of configuration Debug for project Go ****
make all 
Building file: ../Helper.cpp
Invoking: GCC C++ Compiler
g++ -O0 -g3 -Wall -c -fmessage-length=0 -MMD -MP -MF"Helper.d" -MT"Helper.o" -o "Helper.o" "../Helper.cpp"
Finished building: ../Helper.cpp
 
Building file: ../Todo.cpp
Invoking: GCC C++ Compiler
g++ -O0 -g3 -Wall -c -fmessage-length=0 -MMD -MP -MF"Todo.d" -MT"Todo.o" -o "Todo.o" "../Todo.cpp"
Finished building: ../Todo.cpp
 
Building file: ../main.cpp
Invoking: GCC C++ Compiler
g++ -O0 -g3 -Wall -c -fmessage-length=0 -MMD -MP -MF"main.d" -MT"main.o" -o "main.o" "../main.cpp"
Finished building: ../main.cpp
 
Building target: Go
Invoking: MacOS X C++ Linker
g++  -o "Go"  ./Helper.o ./Todo.o ./main.o   
Finished building target: Go
 
17:57:00 **** Incremental Build of configuration Debug for project Go ****
make all 
make: Nothing to be done for `all'.
23:43:12 **** Incremental Build of configuration Debug for project Go ****
make all 
Building file: ../Todo.cpp
Invoking: GCC C++ Compiler
g++ -O0 -g3 -Wall -c -fmessage-length=0 -MMD -MP -MF"Todo.d" -MT"Todo.o" -o "Todo.o" "../Todo.cpp"
Finished building: ../Todo.cpp
 
Building target: Go
Invoking: MacOS X C++ Linker
g++  -o "Go"  ./Helper.o ./Todo.o ./main.o   
Finished building target: Go
 
23:57:15 **** Incremental Build of configuration Debug for project Go ****
make all 
Building file: ../Todo.cpp
Invoking: GCC C++ Compiler
g++ -O0 -g3 -Wall -c -fmessage-length=0 -MMD -MP -MF"Todo.d" -MT"Todo.o" -o "Todo.o" "../Todo.cpp"
Finished building: ../Todo.cpp
 
Building target: Go
Invoking: MacOS X C++ Linker
g++  -o "Go"  ./Helper.o ./Todo.o ./main.o   
Finished building target: Go
 
00:02:02 **** Incremental Build of configuration Debug for project Go ****
make all 
Building file: ../Todo.cpp
Invoking: GCC C++ Compiler
g++ -O0 -g3 -Wall -c -fmessage-length=0 -MMD -MP -MF"Todo.d" -MT"Todo.o" -o "Todo.o" "../Todo.cpp"
Finished building: ../Todo.cpp
 
Building file: ../main.cpp
Invoking: GCC C++ Compiler
g++ -O0 -g3 -Wall -c -fmessage-length=0 -MMD -MP -MF"main.d" -MT"main.o" -o "main.o" "../main.cpp"
Finished building: ../main.cpp
 
Building target: Go
Invoking: MacOS X C++ Linker
g++  -o "Go"  ./Helper.o ./Todo.o ./main.o   
Finished building target: Go
 
00:03:16 **** Incremental Build of configuration Debug for project Go ****
make all 
Building file: ../Todo.cpp
Invoking: GCC C++ Compiler
g++ -O0 -g3 -Wall -c -fmessage-length=0 -MMD -MP -MF"Todo.d" -MT"Todo.o" -o "Todo.o" "../Todo.cpp"
../Todo.cpp:41:1: warning: control reaches end of non-void function [-Wreturn-type]
}
^
1 warning generated.
Finished building: ../Todo.cpp
 
Building target: Go
Invoking: MacOS X C++ Linker
g++  -o "Go"  ./Helper.o ./Todo.o ./main.o   
Finished building target: Go
 
00:04:12 **** Incremental Build of configuration Debug for project Go ****
make all 
make: Nothing to be done for `all'.
00:22:17 **** Incremental Build of configuration Debug for project Go ****
make all 
Building file: ../main.cpp
Invoking: GCC C++ Compiler
g++ -O0 -g3 -Wall -c -fmessage-length=0 -MMD -MP -MF"main.d" -MT"main.o" -o "main.o" "../main.cpp"
../main.cpp:64:3: error: use of undeclared identifier 'display_raw'
                display_raw(board);
                ^
1 error generated.
make: *** [main.o] Error 1
"make all" terminated with exit code 2. Build might be incomplete.
00:22:32 **** Incremental Build of configuration Debug for project Go ****
make all 
Building file: ../main.cpp
Invoking: GCC C++ Compiler
g++ -O0 -g3 -Wall -c -fmessage-length=0 -MMD -MP -MF"main.d" -MT"main.o" -o "main.o" "../main.cpp"
Finished building: ../main.cpp
 
Building target: Go
Invoking: MacOS X C++ Linker
g++  -o "Go"  ./Helper.o ./Todo.o ./main.o   
Finished building target: Go
 
00:22:36 **** Incremental Build of configuration Debug for project Go ****
make all 
make: Nothing to be done for `all'.
00:23:13 **** Incremental Build of configuration Debug for project Go ****
make all 
Building file: ../Todo.cpp
Invoking: GCC C++ Compiler
g++ -O0 -g3 -Wall -c -fmessage-length=0 -MMD -MP -MF"Todo.d" -MT"Todo.o" -o "Todo.o" "../Todo.cpp"
../Todo.cpp:41:1: warning: control reaches end of non-void function [-Wreturn-type]
}
^
1 warning generated.
Finished building: ../Todo.cpp
 
Building target: Go
Invoking: MacOS X C++ Linker
g++  -o "Go"  ./Helper.o ./Todo.o ./main.o   
Finished building target: Go
 
00:23:16 **** Incremental Build of configuration Debug for project Go ****
make all 
make: Nothing to be done for `all'.
00:23:53 **** Incremental Build of configuration Debug for project Go ****
make all 
Building file: ../Todo.cpp
Invoking: GCC C++ Compiler
g++ -O0 -g3 -Wall -c -fmessage-length=0 -MMD -MP -MF"Todo.d" -MT"Todo.o" -o "Todo.o" "../Todo.cpp"
../Todo.cpp:42:1: warning: control reaches end of non-void function [-Wreturn-type]
}
^
1 warning generated.
Finished building: ../Todo.cpp
 
Building target: Go
Invoking: MacOS X C++ Linker
g++  -o "Go"  ./Helper.o ./Todo.o ./main.o   
Finished building target: Go
 
00:23:55 **** Incremental Build of configuration Debug for project Go ****
make all 
make: Nothing to be done for `all'.
00:25:57 **** Incremental Build of configuration Debug for project Go ****
make all 
Building file: ../Todo.cpp
Invoking: GCC C++ Compiler
g++ -O0 -g3 -Wall -c -fmessage-length=0 -MMD -MP -MF"Todo.d" -MT"Todo.o" -o "Todo.o" "../Todo.cpp"
../Todo.cpp:30:1: warning: control reaches end of non-void function [-Wreturn-type]
}
^
1 warning generated.
Finished building: ../Todo.cpp
 
Building target: Go
Invoking: MacOS X C++ Linker
g++  -o "Go"  ./Helper.o ./Todo.o ./main.o   
Finished building target: Go
 
01:19:17 **** Incremental Build of configuration Debug for project Go ****
make all 
Building file: ../Todo.cpp
Invoking: GCC C++ Compiler
g++ -O0 -g3 -Wall -c -fmessage-length=0 -MMD -MP -MF"Todo.d" -MT"Todo.o" -o "Todo.o" "../Todo.cpp"
../Todo.cpp:31:5: error: expected '(' after 'if'
        if outOfBoard(row, col) {
           ^
../Todo.cpp:39:27: error: use of undeclared identifier 'selectedColor'
        if (board[row-1][col] == selectedColor) {
                                 ^
../Todo.cpp:41:34: error: use of undeclared identifier 'selectedColor'
        } else if (board[row][col+1] == selectedColor) {
                                        ^
../Todo.cpp:42:34: error: use of undeclared identifier 'selectedColor'
        } else if (board[row+1][col] == selectedColor) {
                                        ^
../Todo.cpp:43:34: error: use of undeclared identifier 'selectedColor'
        } else if (board[row][col-1] == selectedColor) {
                                        ^
5 errors generated.
make: *** [Todo.o] Error 1
"make all" terminated with exit code 2. Build might be incomplete.
01:19:31 **** Incremental Build of configuration Debug for project Go ****
make all 
Building file: ../Todo.cpp
Invoking: GCC C++ Compiler
g++ -O0 -g3 -Wall -c -fmessage-length=0 -MMD -MP -MF"Todo.d" -MT"Todo.o" -o "Todo.o" "../Todo.cpp"
../Todo.cpp:31:5: error: expected '(' after 'if'
        if outOfBoard(row, col) {
           ^
../Todo.cpp:39:27: error: use of undeclared identifier 'selectedColor'
        if (board[row-1][col] == selectedColor) {
                                 ^
../Todo.cpp:41:34: error: use of undeclared identifier 'selectedColor'
        } else if (board[row][col+1] == selectedColor) {
                                        ^
../Todo.cpp:42:34: error: use of undeclared identifier 'selectedColor'
        } else if (board[row+1][col] == selectedColor) {
                                        ^
../Todo.cpp:43:34: error: use of undeclared identifier 'selectedColor'
        } else if (board[row][col-1] == selectedColor) {
                                        ^
5 errors generated.
make: *** [Todo.o] Error 1
"make all" terminated with exit code 2. Build might be incomplete.
01:19:57 **** Incremental Build of configuration Debug for project Go ****
make all 
Building file: ../Todo.cpp
Invoking: GCC C++ Compiler
g++ -O0 -g3 -Wall -c -fmessage-length=0 -MMD -MP -MF"Todo.d" -MT"Todo.o" -o "Todo.o" "../Todo.cpp"
../Todo.cpp:31:5: error: expected '(' after 'if'
        if outOfBoard(row, col) {
           ^
1 error generated.
make: *** [Todo.o] Error 1
"make all" terminated with exit code 2. Build might be incomplete.
01:20:06 **** Incremental Build of configuration Debug for project Go ****
make all 
Building file: ../Todo.cpp
Invoking: GCC C++ Compiler
g++ -O0 -g3 -Wall -c -fmessage-length=0 -MMD -MP -MF"Todo.d" -MT"Todo.o" -o "Todo.o" "../Todo.cpp"
../Todo.cpp:38:6: warning: unused variable 'selectedColor' [-Wunused-variable]
        int selectedColor = board[row][col];
            ^
1 warning generated.
Finished building: ../Todo.cpp
 
Building target: Go
Invoking: MacOS X C++ Linker
g++  -o "Go"  ./Helper.o ./Todo.o ./main.o   
Finished building target: Go
 
01:26:37 **** Incremental Build of configuration Debug for project Go ****
make all 
Building file: ../Todo.cpp
Invoking: GCC C++ Compiler
g++ -O0 -g3 -Wall -c -fmessage-length=0 -MMD -MP -MF"Todo.d" -MT"Todo.o" -o "Todo.o" "../Todo.cpp"
Finished building: ../Todo.cpp
 
Building target: Go
Invoking: MacOS X C++ Linker
g++  -o "Go"  ./Helper.o ./Todo.o ./main.o   
Finished building target: Go
 
11:27:10 **** Incremental Build of configuration Debug for project Go ****
make all 
Building file: ../Todo.cpp
Invoking: GCC C++ Compiler
g++ -O0 -g3 -Wall -c -fmessage-length=0 -MMD -MP -MF"Todo.d" -MT"Todo.o" -o "Todo.o" "../Todo.cpp"
../Todo.cpp:60:2: error: use of undeclared identifier 'check_liberties_rec'
        check_liberties_rec(board, row, col, connected_part, liberties, numOfConnected);
        ^
1 error generated.
make: *** [Todo.o] Error 1
"make all" terminated with exit code 2. Build might be incomplete.
11:34:18 **** Incremental Build of configuration Debug for project Go ****
make all 
Building file: ../Todo.cpp
Invoking: GCC C++ Compiler
g++ -O0 -g3 -Wall -c -fmessage-length=0 -MMD -MP -MF"Todo.d" -MT"Todo.o" -o "Todo.o" "../Todo.cpp"
Finished building: ../Todo.cpp
 
Building target: Go
Invoking: MacOS X C++ Linker
g++  -o "Go"  ./Helper.o ./Todo.o ./main.o   
Finished building target: Go
 
11:34:23 **** Incremental Build of configuration Debug for project Go ****
make all 
make: Nothing to be done for `all'.
11:35:40 **** Incremental Build of configuration Debug for project Go ****
make all 
Building file: ../Todo.cpp
Invoking: GCC C++ Compiler
g++ -O0 -g3 -Wall -c -fmessage-length=0 -MMD -MP -MF"Todo.d" -MT"Todo.o" -o "Todo.o" "../Todo.cpp"
Finished building: ../Todo.cpp
 
Building target: Go
Invoking: MacOS X C++ Linker
g++  -o "Go"  ./Helper.o ./Todo.o ./main.o   
Finished building target: Go
 
11:36:05 **** Incremental Build of configuration Debug for project Go ****
make all 
Building file: ../Todo.cpp
Invoking: GCC C++ Compiler
g++ -O0 -g3 -Wall -c -fmessage-length=0 -MMD -MP -MF"Todo.d" -MT"Todo.o" -o "Todo.o" "../Todo.cpp"
Finished building: ../Todo.cpp
 
Building target: Go
Invoking: MacOS X C++ Linker
g++  -o "Go"  ./Helper.o ./Todo.o ./main.o   
Finished building target: Go
 
11:36:25 **** Incremental Build of configuration Debug for project Go ****
make all 
make: Nothing to be done for `all'.
12:05:51 **** Incremental Build of configuration Debug for project Go ****
make all 
Building file: ../Todo.cpp
Invoking: GCC C++ Compiler
g++ -O0 -g3 -Wall -c -fmessage-length=0 -MMD -MP -MF"Todo.d" -MT"Todo.o" -o "Todo.o" "../Todo.cpp"
../Todo.cpp:45:90: error: 'connected_part' declared as array of references of type 'bool &'
int check_liberties_rec(const Stone board[][19], int row, int col, bool& connected_part[][19], bool liberties[][19], int selected_color) {
                                                                                         ^
1 error generated.
make: *** [Todo.o] Error 1
"make all" terminated with exit code 2. Build might be incomplete.
12:07:06 **** Incremental Build of configuration Debug for project Go ****
make all 
Building file: ../Todo.cpp
Invoking: GCC C++ Compiler
g++ -O0 -g3 -Wall -c -fmessage-length=0 -MMD -MP -MF"Todo.d" -MT"Todo.o" -o "Todo.o" "../Todo.cpp"
../Todo.cpp:34:90: error: 'connected_part' declared as array of references of type 'bool &'
int check_liberties_rec(const Stone board[][19], int row, int col, bool& connected_part[][19], bool liberties[][19]);
                                                                                         ^
../Todo.cpp:45:90: error: 'connected_part' declared as array of references of type 'bool &'
int check_liberties_rec(const Stone board[][19], int row, int col, bool& connected_part[][19], bool liberties[][19], int selected_color) {
                                                                                         ^
2 errors generated.
make: *** [Todo.o] Error 1
"make all" terminated with exit code 2. Build might be incomplete.
12:07:14 **** Incremental Build of configuration Debug for project Go ****
make all 
Building file: ../Todo.cpp
Invoking: GCC C++ Compiler
g++ -O0 -g3 -Wall -c -fmessage-length=0 -MMD -MP -MF"Todo.d" -MT"Todo.o" -o "Todo.o" "../Todo.cpp"
Finished building: ../Todo.cpp
 
Building target: Go
Invoking: MacOS X C++ Linker
g++  -o "Go"  ./Helper.o ./Todo.o ./main.o   
Finished building target: Go
 
12:08:56 **** Incremental Build of configuration Debug for project Go ****
make all 
Building file: ../Todo.cpp
Invoking: GCC C++ Compiler
g++ -O0 -g3 -Wall -c -fmessage-length=0 -MMD -MP -MF"Todo.d" -MT"Todo.o" -o "Todo.o" "../Todo.cpp"
../Todo.cpp:43:6: warning: unused variable 'numOfConnected' [-Wunused-variable]
        int numOfConnected = check_liberties_rec(board, row, col, connected_part, liberties, selectedColor);
            ^
1 warning generated.
Finished building: ../Todo.cpp
 
Building target: Go
Invoking: MacOS X C++ Linker
g++  -o "Go"  ./Helper.o ./Todo.o ./main.o   
Finished building target: Go
 
12:09:16 **** Incremental Build of configuration Debug for project Go ****
make all 
Building file: ../Todo.cpp
Invoking: GCC C++ Compiler
g++ -O0 -g3 -Wall -c -fmessage-length=0 -MMD -MP -MF"Todo.d" -MT"Todo.o" -o "Todo.o" "../Todo.cpp"
Finished building: ../Todo.cpp
 
Building target: Go
Invoking: MacOS X C++ Linker
g++  -o "Go"  ./Helper.o ./Todo.o ./main.o   
Finished building target: Go
 
12:17:52 **** Incremental Build of configuration Debug for project Go ****
make all 
Building file: ../Todo.cpp
Invoking: GCC C++ Compiler
g++ -O0 -g3 -Wall -c -fmessage-length=0 -MMD -MP -MF"Todo.d" -MT"Todo.o" -o "Todo.o" "../Todo.cpp"
../Todo.cpp:44:6: warning: unused variable 'numOfConnected' [-Wunused-variable]
        int numOfConnected = check_connected_rec(board, row, col, connected_part, liberties, selectedColor);
            ^
../Todo.cpp:50:6: error: subscript of pointer to function type 'bool (int, int)'
        if (in_board[row-1][col] && !board[row-1][col] && !liberties[row-1][col]) {
            ^~~~~~~~
../Todo.cpp:53:13: error: subscript of pointer to function type 'bool (int, int)'
        } else if (in_board[row-1][col] && !board[row][col+1] && !liberties[row][col+1]) {
                   ^~~~~~~~
../Todo.cpp:56:13: error: subscript of pointer to function type 'bool (int, int)'
        } else if (in_board[row+1][col] && !board[row+1][col] && !liberties[row+1][col]) {
                   ^~~~~~~~
../Todo.cpp:59:13: error: subscript of pointer to function type 'bool (int, int)'
        } else if (in_board[row][col-1] && !board[row][col-1] && !liberties[row][col-1]) {
                   ^~~~~~~~
1 warning and 4 errors generated.
make: *** [Todo.o] Error 1
"make all" terminated with exit code 2. Build might be incomplete.
12:19:18 **** Incremental Build of configuration Debug for project Go ****
make all 
Building file: ../Todo.cpp
Invoking: GCC C++ Compiler
g++ -O0 -g3 -Wall -c -fmessage-length=0 -MMD -MP -MF"Todo.d" -MT"Todo.o" -o "Todo.o" "../Todo.cpp"
../Todo.cpp:44:6: warning: unused variable 'numOfConnected' [-Wunused-variable]
        int numOfConnected = check_connected_rec(board, row, col, connected_part, liberties, selectedColor);
            ^
1 warning generated.
Finished building: ../Todo.cpp
 
Building target: Go
Invoking: MacOS X C++ Linker
g++  -o "Go"  ./Helper.o ./Todo.o ./main.o   
Finished building target: Go
 
12:19:24 **** Incremental Build of configuration Debug for project Go ****
make all 
make: Nothing to be done for `all'.
12:19:35 **** Incremental Build of configuration Debug for project Go ****
make all 
make: Nothing to be done for `all'.
18:38:51 **** Incremental Build of configuration Debug for project Go ****
make all 
Building file: ../Todo.cpp
Invoking: GCC C++ Compiler
g++ -O0 -g3 -Wall -c -fmessage-length=0 -MMD -MP -MF"Todo.d" -MT"Todo.o" -o "Todo.o" "../Todo.cpp"
Finished building: ../Todo.cpp
 
Building target: Go
Invoking: MacOS X C++ Linker
g++  -o "Go"  ./Helper.o ./Todo.o ./main.o   
Finished building target: Go
 
18:38:54 **** Incremental Build of configuration Debug for project Go ****
make all 
make: Nothing to be done for `all'.
18:44:04 **** Incremental Build of configuration Debug for project Go ****
make all 
Building file: ../Todo.cpp
Invoking: GCC C++ Compiler
g++ -O0 -g3 -Wall -c -fmessage-length=0 -MMD -MP -MF"Todo.d" -MT"Todo.o" -o "Todo.o" "../Todo.cpp"
Finished building: ../Todo.cpp
 
Building target: Go
Invoking: MacOS X C++ Linker
g++  -o "Go"  ./Helper.o ./Todo.o ./main.o   
Finished building target: Go
 
18:46:09 **** Incremental Build of configuration Debug for project Go ****
make all 
Building file: ../Todo.cpp
Invoking: GCC C++ Compiler
g++ -O0 -g3 -Wall -c -fmessage-length=0 -MMD -MP -MF"Todo.d" -MT"Todo.o" -o "Todo.o" "../Todo.cpp"
Finished building: ../Todo.cpp
 
Building target: Go
Invoking: MacOS X C++ Linker
g++  -o "Go"  ./Helper.o ./Todo.o ./main.o   
Finished building target: Go
 
18:47:32 **** Incremental Build of configuration Debug for project Go ****
make all 
Building file: ../Todo.cpp
Invoking: GCC C++ Compiler
g++ -O0 -g3 -Wall -c -fmessage-length=0 -MMD -MP -MF"Todo.d" -MT"Todo.o" -o "Todo.o" "../Todo.cpp"
Finished building: ../Todo.cpp
 
Building target: Go
Invoking: MacOS X C++ Linker
g++  -o "Go"  ./Helper.o ./Todo.o ./main.o   
Finished building target: Go
 
18:48:08 **** Incremental Build of configuration Debug for project Go ****
make all 
Building file: ../Todo.cpp
Invoking: GCC C++ Compiler
g++ -O0 -g3 -Wall -c -fmessage-length=0 -MMD -MP -MF"Todo.d" -MT"Todo.o" -o "Todo.o" "../Todo.cpp"
Finished building: ../Todo.cpp
 
Building target: Go
Invoking: MacOS X C++ Linker
g++  -o "Go"  ./Helper.o ./Todo.o ./main.o   
Finished building target: Go
 
18:48:35 **** Incremental Build of configuration Debug for project Go ****
make all 
Building file: ../Todo.cpp
Invoking: GCC C++ Compiler
g++ -O0 -g3 -Wall -c -fmessage-length=0 -MMD -MP -MF"Todo.d" -MT"Todo.o" -o "Todo.o" "../Todo.cpp"
Finished building: ../Todo.cpp
 
Building target: Go
Invoking: MacOS X C++ Linker
g++  -o "Go"  ./Helper.o ./Todo.o ./main.o   
Finished building target: Go
 
21:23:49 **** Incremental Build of configuration Debug for project Go ****
make all 
Building file: ../Todo.cpp
Invoking: GCC C++ Compiler
g++ -O0 -g3 -Wall -c -fmessage-length=0 -MMD -MP -MF"Todo.d" -MT"Todo.o" -o "Todo.o" "../Todo.cpp"
Finished building: ../Todo.cpp
 
Building target: Go
Invoking: MacOS X C++ Linker
g++  -o "Go"  ./Helper.o ./Todo.o ./main.o   
Finished building target: Go
 
21:33:08 **** Incremental Build of configuration Debug for project Go ****
make all 
Building file: ../Todo.cpp
Invoking: GCC C++ Compiler
g++ -O0 -g3 -Wall -c -fmessage-length=0 -MMD -MP -MF"Todo.d" -MT"Todo.o" -o "Todo.o" "../Todo.cpp"
Finished building: ../Todo.cpp
 
Building target: Go
Invoking: MacOS X C++ Linker
g++  -o "Go"  ./Helper.o ./Todo.o ./main.o   
Finished building target: Go
 
21:33:35 **** Incremental Build of configuration Debug for project Go ****
make all 
make: Nothing to be done for `all'.
21:34:06 **** Incremental Build of configuration Debug for project Go ****
make all 
Building file: ../Todo.cpp
Invoking: GCC C++ Compiler
g++ -O0 -g3 -Wall -c -fmessage-length=0 -MMD -MP -MF"Todo.d" -MT"Todo.o" -o "Todo.o" "../Todo.cpp"
Finished building: ../Todo.cpp
 
Building target: Go
Invoking: MacOS X C++ Linker
g++  -o "Go"  ./Helper.o ./Todo.o ./main.o   
Finished building target: Go
 
21:35:42 **** Incremental Build of configuration Debug for project Go ****
make all 
Building file: ../Todo.cpp
Invoking: GCC C++ Compiler
g++ -O0 -g3 -Wall -c -fmessage-length=0 -MMD -MP -MF"Todo.d" -MT"Todo.o" -o "Todo.o" "../Todo.cpp"
Finished building: ../Todo.cpp
 
Building target: Go
Invoking: MacOS X C++ Linker
g++  -o "Go"  ./Helper.o ./Todo.o ./main.o   
Finished building target: Go
 
21:36:51 **** Incremental Build of configuration Debug for project Go ****
make all 
Building file: ../Todo.cpp
Invoking: GCC C++ Compiler
g++ -O0 -g3 -Wall -c -fmessage-length=0 -MMD -MP -MF"Todo.d" -MT"Todo.o" -o "Todo.o" "../Todo.cpp"
Finished building: ../Todo.cpp
 
Building target: Go
Invoking: MacOS X C++ Linker
g++  -o "Go"  ./Helper.o ./Todo.o ./main.o   
Finished building target: Go
 
21:38:24 **** Incremental Build of configuration Debug for project Go ****
make all 
Building file: ../Todo.cpp
Invoking: GCC C++ Compiler
g++ -O0 -g3 -Wall -c -fmessage-length=0 -MMD -MP -MF"Todo.d" -MT"Todo.o" -o "Todo.o" "../Todo.cpp"
Finished building: ../Todo.cpp
 
Building target: Go
Invoking: MacOS X C++ Linker
g++  -o "Go"  ./Helper.o ./Todo.o ./main.o   
Finished building target: Go
 
21:40:11 **** Incremental Build of configuration Debug for project Go ****
make all 
Building file: ../Todo.cpp
Invoking: GCC C++ Compiler
g++ -O0 -g3 -Wall -c -fmessage-length=0 -MMD -MP -MF"Todo.d" -MT"Todo.o" -o "Todo.o" "../Todo.cpp"
Finished building: ../Todo.cpp
 
Building target: Go
Invoking: MacOS X C++ Linker
g++  -o "Go"  ./Helper.o ./Todo.o ./main.o   
Finished building target: Go
 
21:40:54 **** Incremental Build of configuration Debug for project Go ****
make all 
Building file: ../Todo.cpp
Invoking: GCC C++ Compiler
g++ -O0 -g3 -Wall -c -fmessage-length=0 -MMD -MP -MF"Todo.d" -MT"Todo.o" -o "Todo.o" "../Todo.cpp"
Finished building: ../Todo.cpp
 
Building target: Go
Invoking: MacOS X C++ Linker
g++  -o "Go"  ./Helper.o ./Todo.o ./main.o   
Finished building target: Go
 
21:41:34 **** Incremental Build of configuration Debug for project Go ****
make all 
Building file: ../Todo.cpp
Invoking: GCC C++ Compiler
g++ -O0 -g3 -Wall -c -fmessage-length=0 -MMD -MP -MF"Todo.d" -MT"Todo.o" -o "Todo.o" "../Todo.cpp"
Finished building: ../Todo.cpp
 
Building target: Go
Invoking: MacOS X C++ Linker
g++  -o "Go"  ./Helper.o ./Todo.o ./main.o   
Finished building target: Go
 
21:43:04 **** Incremental Build of configuration Debug for project Go ****
make all 
Building file: ../Todo.cpp
Invoking: GCC C++ Compiler
g++ -O0 -g3 -Wall -c -fmessage-length=0 -MMD -MP -MF"Todo.d" -MT"Todo.o" -o "Todo.o" "../Todo.cpp"
../Todo.cpp:68:26: error: expected ';' after expression
        cout << "fill liberties"
                                ^
                                ;
1 error generated.
make: *** [Todo.o] Error 1
"make all" terminated with exit code 2. Build might be incomplete.
21:43:11 **** Incremental Build of configuration Debug for project Go ****
make all 
Building file: ../Todo.cpp
Invoking: GCC C++ Compiler
g++ -O0 -g3 -Wall -c -fmessage-length=0 -MMD -MP -MF"Todo.d" -MT"Todo.o" -o "Todo.o" "../Todo.cpp"
Finished building: ../Todo.cpp
 
Building target: Go
Invoking: MacOS X C++ Linker
g++  -o "Go"  ./Helper.o ./Todo.o ./main.o   
Finished building target: Go
 
21:44:02 **** Incremental Build of configuration Debug for project Go ****
make all 
Building file: ../Todo.cpp
Invoking: GCC C++ Compiler
g++ -O0 -g3 -Wall -c -fmessage-length=0 -MMD -MP -MF"Todo.d" -MT"Todo.o" -o "Todo.o" "../Todo.cpp"
Finished building: ../Todo.cpp
 
Building target: Go
Invoking: MacOS X C++ Linker
g++  -o "Go"  ./Helper.o ./Todo.o ./main.o   
Finished building target: Go
 
21:50:39 **** Incremental Build of configuration Debug for project Go ****
make all 
Building file: ../Todo.cpp
Invoking: GCC C++ Compiler
g++ -O0 -g3 -Wall -c -fmessage-length=0 -MMD -MP -MF"Todo.d" -MT"Todo.o" -o "Todo.o" "../Todo.cpp"
Finished building: ../Todo.cpp
 
Building target: Go
Invoking: MacOS X C++ Linker
g++  -o "Go"  ./Helper.o ./Todo.o ./main.o   
Finished building target: Go
 
21:51:39 **** Incremental Build of configuration Debug for project Go ****
make all 
Building file: ../Todo.cpp
Invoking: GCC C++ Compiler
g++ -O0 -g3 -Wall -c -fmessage-length=0 -MMD -MP -MF"Todo.d" -MT"Todo.o" -o "Todo.o" "../Todo.cpp"
Finished building: ../Todo.cpp
 
Building target: Go
Invoking: MacOS X C++ Linker
g++  -o "Go"  ./Helper.o ./Todo.o ./main.o   
Finished building target: Go
 
21:53:15 **** Incremental Build of configuration Debug for project Go ****
make all 
Building file: ../Todo.cpp
Invoking: GCC C++ Compiler
g++ -O0 -g3 -Wall -c -fmessage-length=0 -MMD -MP -MF"Todo.d" -MT"Todo.o" -o "Todo.o" "../Todo.cpp"
Finished building: ../Todo.cpp
 
Building target: Go
Invoking: MacOS X C++ Linker
g++  -o "Go"  ./Helper.o ./Todo.o ./main.o   
Finished building target: Go
 
21:55:55 **** Incremental Build of configuration Debug for project Go ****
make all 
Building file: ../Todo.cpp
Invoking: GCC C++ Compiler
g++ -O0 -g3 -Wall -c -fmessage-length=0 -MMD -MP -MF"Todo.d" -MT"Todo.o" -o "Todo.o" "../Todo.cpp"
Finished building: ../Todo.cpp
 
Building target: Go
Invoking: MacOS X C++ Linker
g++  -o "Go"  ./Helper.o ./Todo.o ./main.o   
Finished building target: Go
 
21:56:45 **** Incremental Build of configuration Debug for project Go ****
make all 
Building file: ../Todo.cpp
Invoking: GCC C++ Compiler
g++ -O0 -g3 -Wall -c -fmessage-length=0 -MMD -MP -MF"Todo.d" -MT"Todo.o" -o "Todo.o" "../Todo.cpp"
../Todo.cpp:72:24: error: expected ';' after expression
                                cout << "FIND 1!!!"
                                                   ^
                                                   ;
1 error generated.
make: *** [Todo.o] Error 1
"make all" terminated with exit code 2. Build might be incomplete.
21:56:51 **** Incremental Build of configuration Debug for project Go ****
make all 
Building file: ../Todo.cpp
Invoking: GCC C++ Compiler
g++ -O0 -g3 -Wall -c -fmessage-length=0 -MMD -MP -MF"Todo.d" -MT"Todo.o" -o "Todo.o" "../Todo.cpp"
Finished building: ../Todo.cpp
 
Building target: Go
Invoking: MacOS X C++ Linker
g++  -o "Go"  ./Helper.o ./Todo.o ./main.o   
Finished building target: Go
 
21:57:13 **** Incremental Build of configuration Debug for project Go ****
make all 
Building file: ../Todo.cpp
Invoking: GCC C++ Compiler
g++ -O0 -g3 -Wall -c -fmessage-length=0 -MMD -MP -MF"Todo.d" -MT"Todo.o" -o "Todo.o" "../Todo.cpp"
Finished building: ../Todo.cpp
 
Building target: Go
Invoking: MacOS X C++ Linker
g++  -o "Go"  ./Helper.o ./Todo.o ./main.o   
Finished building target: Go
 
21:57:59 **** Incremental Build of configuration Debug for project Go ****
make all 
Building file: ../Todo.cpp
Invoking: GCC C++ Compiler
g++ -O0 -g3 -Wall -c -fmessage-length=0 -MMD -MP -MF"Todo.d" -MT"Todo.o" -o "Todo.o" "../Todo.cpp"
Finished building: ../Todo.cpp
 
Building target: Go
Invoking: MacOS X C++ Linker
g++  -o "Go"  ./Helper.o ./Todo.o ./main.o   
Finished building target: Go
 
21:59:45 **** Incremental Build of configuration Debug for project Go ****
make all 
Building file: ../Todo.cpp
Invoking: GCC C++ Compiler
g++ -O0 -g3 -Wall -c -fmessage-length=0 -MMD -MP -MF"Todo.d" -MT"Todo.o" -o "Todo.o" "../Todo.cpp"
Finished building: ../Todo.cpp
 
Building target: Go
Invoking: MacOS X C++ Linker
g++  -o "Go"  ./Helper.o ./Todo.o ./main.o   
Finished building target: Go
 
22:00:00 **** Incremental Build of configuration Debug for project Go ****
make all 
Building file: ../Todo.cpp
Invoking: GCC C++ Compiler
g++ -O0 -g3 -Wall -c -fmessage-length=0 -MMD -MP -MF"Todo.d" -MT"Todo.o" -o "Todo.o" "../Todo.cpp"
Finished building: ../Todo.cpp
 
Building target: Go
Invoking: MacOS X C++ Linker
g++  -o "Go"  ./Helper.o ./Todo.o ./main.o   
Finished building target: Go
 
22:02:10 **** Incremental Build of configuration Debug for project Go ****
make all 
Building file: ../Todo.cpp
Invoking: GCC C++ Compiler
g++ -O0 -g3 -Wall -c -fmessage-length=0 -MMD -MP -MF"Todo.d" -MT"Todo.o" -o "Todo.o" "../Todo.cpp"
Finished building: ../Todo.cpp
 
Building target: Go
Invoking: MacOS X C++ Linker
g++  -o "Go"  ./Helper.o ./Todo.o ./main.o   
Finished building target: Go
 
22:03:23 **** Incremental Build of configuration Debug for project Go ****
make all 
Building file: ../Todo.cpp
Invoking: GCC C++ Compiler
g++ -O0 -g3 -Wall -c -fmessage-length=0 -MMD -MP -MF"Todo.d" -MT"Todo.o" -o "Todo.o" "../Todo.cpp"
Finished building: ../Todo.cpp
 
Building target: Go
Invoking: MacOS X C++ Linker
g++  -o "Go"  ./Helper.o ./Todo.o ./main.o   
Finished building target: Go
 
22:04:40 **** Incremental Build of configuration Debug for project Go ****
make all 
Building file: ../Todo.cpp
Invoking: GCC C++ Compiler
g++ -O0 -g3 -Wall -c -fmessage-length=0 -MMD -MP -MF"Todo.d" -MT"Todo.o" -o "Todo.o" "../Todo.cpp"
Finished building: ../Todo.cpp
 
Building target: Go
Invoking: MacOS X C++ Linker
g++  -o "Go"  ./Helper.o ./Todo.o ./main.o   
Finished building target: Go
 
22:05:16 **** Incremental Build of configuration Debug for project Go ****
make all 
Building file: ../Todo.cpp
Invoking: GCC C++ Compiler
g++ -O0 -g3 -Wall -c -fmessage-length=0 -MMD -MP -MF"Todo.d" -MT"Todo.o" -o "Todo.o" "../Todo.cpp"
Finished building: ../Todo.cpp
 
Building target: Go
Invoking: MacOS X C++ Linker
g++  -o "Go"  ./Helper.o ./Todo.o ./main.o   
Finished building target: Go
 
22:07:27 **** Incremental Build of configuration Debug for project Go ****
make all 
Building file: ../Todo.cpp
Invoking: GCC C++ Compiler
g++ -O0 -g3 -Wall -c -fmessage-length=0 -MMD -MP -MF"Todo.d" -MT"Todo.o" -o "Todo.o" "../Todo.cpp"
Finished building: ../Todo.cpp
 
Building target: Go
Invoking: MacOS X C++ Linker
g++  -o "Go"  ./Helper.o ./Todo.o ./main.o   
Finished building target: Go
 
22:16:23 **** Incremental Build of configuration Debug for project Go ****
make all 
Building file: ../Todo.cpp
Invoking: GCC C++ Compiler
g++ -O0 -g3 -Wall -c -fmessage-length=0 -MMD -MP -MF"Todo.d" -MT"Todo.o" -o "Todo.o" "../Todo.cpp"
Finished building: ../Todo.cpp
 
Building file: ../main.cpp
Invoking: GCC C++ Compiler
g++ -O0 -g3 -Wall -c -fmessage-length=0 -MMD -MP -MF"main.d" -MT"main.o" -o "main.o" "../main.cpp"
Finished building: ../main.cpp
 
Building target: Go
Invoking: MacOS X C++ Linker
g++  -o "Go"  ./Helper.o ./Todo.o ./main.o   
Finished building target: Go
 
22:17:10 **** Incremental Build of configuration Debug for project Go ****
make all 
Building file: ../Todo.cpp
Invoking: GCC C++ Compiler
g++ -O0 -g3 -Wall -c -fmessage-length=0 -MMD -MP -MF"Todo.d" -MT"Todo.o" -o "Todo.o" "../Todo.cpp"
Finished building: ../Todo.cpp
 
Building target: Go
Invoking: MacOS X C++ Linker
g++  -o "Go"  ./Helper.o ./Todo.o ./main.o   
Finished building target: Go
 
12:25:18 **** Incremental Build of configuration Debug for project Go ****
make all 
Building file: ../Todo.cpp
Invoking: GCC C++ Compiler
g++ -O0 -g3 -Wall -c -fmessage-length=0 -MMD -MP -MF"Todo.d" -MT"Todo.o" -o "Todo.o" "../Todo.cpp"
../Todo.cpp:171:21: error: assigning to 'Stone' from incompatible type 'bool'
                board[row][col] = false;
                                  ^~~~~
../Todo.cpp:180:20: error: assigning to 'Stone' from incompatible type 'bool'
                                        board[i][j] = false;
                                                      ^~~~~
2 errors generated.
make: *** [Todo.o] Error 1
"make all" terminated with exit code 2. Build might be incomplete.
12:25:44 **** Incremental Build of configuration Debug for project Go ****
make all 
Building file: ../Todo.cpp
Invoking: GCC C++ Compiler
g++ -O0 -g3 -Wall -c -fmessage-length=0 -MMD -MP -MF"Todo.d" -MT"Todo.o" -o "Todo.o" "../Todo.cpp"
../Todo.cpp:171:21: error: assigning to 'Stone' from incompatible type 'int'
                board[row][col] = 0;
                                  ^
../Todo.cpp:180:20: error: assigning to 'Stone' from incompatible type 'int'
                                        board[i][j] = 0;
                                                      ^
2 errors generated.
make: *** [Todo.o] Error 1
"make all" terminated with exit code 2. Build might be incomplete.
12:25:55 **** Incremental Build of configuration Debug for project Go ****
make all 
Building file: ../Todo.cpp
Invoking: GCC C++ Compiler
g++ -O0 -g3 -Wall -c -fmessage-length=0 -MMD -MP -MF"Todo.d" -MT"Todo.o" -o "Todo.o" "../Todo.cpp"
../Todo.cpp:171:21: error: assigning to 'Stone' from incompatible type 'int'
                board[row][col] = 0;
                                  ^
../Todo.cpp:180:20: error: assigning to 'Stone' from incompatible type 'int'
                                        board[i][j] = 0;
                                                      ^
2 errors generated.
make: *** [Todo.o] Error 1
"make all" terminated with exit code 2. Build might be incomplete.
12:30:33 **** Incremental Build of configuration Debug for project Go ****
make all 
Building file: ../Todo.cpp
Invoking: GCC C++ Compiler
g++ -O0 -g3 -Wall -c -fmessage-length=0 -MMD -MP -MF"Todo.d" -MT"Todo.o" -o "Todo.o" "../Todo.cpp"
Finished building: ../Todo.cpp
 
Building target: Go
Invoking: MacOS X C++ Linker
g++  -o "Go"  ./Helper.o ./Todo.o ./main.o   
Finished building target: Go
 
12:31:28 **** Incremental Build of configuration Debug for project Go ****
make all 
Building file: ../Todo.cpp
Invoking: GCC C++ Compiler
g++ -O0 -g3 -Wall -c -fmessage-length=0 -MMD -MP -MF"Todo.d" -MT"Todo.o" -o "Todo.o" "../Todo.cpp"
Finished building: ../Todo.cpp
 
Building target: Go
Invoking: MacOS X C++ Linker
g++  -o "Go"  ./Helper.o ./Todo.o ./main.o   
Finished building target: Go
 
12:33:28 **** Incremental Build of configuration Debug for project Go ****
make all 
Building file: ../Todo.cpp
Invoking: GCC C++ Compiler
g++ -O0 -g3 -Wall -c -fmessage-length=0 -MMD -MP -MF"Todo.d" -MT"Todo.o" -o "Todo.o" "../Todo.cpp"
Finished building: ../Todo.cpp
 
Building target: Go
Invoking: MacOS X C++ Linker
g++  -o "Go"  ./Helper.o ./Todo.o ./main.o   
Finished building target: Go
 
12:33:48 **** Incremental Build of configuration Debug for project Go ****
make all 
make: Nothing to be done for `all'.
12:36:55 **** Incremental Build of configuration Debug for project Go ****
make all 
Building file: ../Todo.cpp
Invoking: GCC C++ Compiler
g++ -O0 -g3 -Wall -c -fmessage-length=0 -MMD -MP -MF"Todo.d" -MT"Todo.o" -o "Todo.o" "../Todo.cpp"
Finished building: ../Todo.cpp
 
Building target: Go
Invoking: MacOS X C++ Linker
g++  -o "Go"  ./Helper.o ./Todo.o ./main.o   
Finished building target: Go
 
12:37:02 **** Incremental Build of configuration Debug for project Go ****
make all 
make: Nothing to be done for `all'.
12:38:51 **** Incremental Build of configuration Debug for project Go ****
make all 
Building file: ../Todo.cpp
Invoking: GCC C++ Compiler
g++ -O0 -g3 -Wall -c -fmessage-length=0 -MMD -MP -MF"Todo.d" -MT"Todo.o" -o "Todo.o" "../Todo.cpp"
Finished building: ../Todo.cpp
 
Building target: Go
Invoking: MacOS X C++ Linker
g++  -o "Go"  ./Helper.o ./Todo.o ./main.o   
Finished building target: Go
 
13:17:15 **** Incremental Build of configuration Debug for project Go ****
make all 
Building file: ../Todo.cpp
Invoking: GCC C++ Compiler
g++ -O0 -g3 -Wall -c -fmessage-length=0 -MMD -MP -MF"Todo.d" -MT"Todo.o" -o "Todo.o" "../Todo.cpp"
Finished building: ../Todo.cpp
 
Building target: Go
Invoking: MacOS X C++ Linker
g++  -o "Go"  ./Helper.o ./Todo.o ./main.o   
Finished building target: Go
 
